0 info it worked if it ends with ok
1 verbose cli [ '/usr/bin/nodejs',
1 verbose cli   '/usr/bin/npm',
1 verbose cli   'install',
1 verbose cli   'https://github.com/annotorious/annotorious' ]
2 info using npm@3.5.2
3 info using node@v4.2.6
4 silly loadCurrentTree Starting
5 silly install loadCurrentTree
6 silly install readLocalPackageData
7 silly fetchPackageMetaData https://github.com/annotorious/annotorious
8 silly fetchOtherPackageData https://github.com/annotorious/annotorious
9 silly cache add args [ 'https://github.com/annotorious/annotorious', null ]
10 verbose cache add spec https://github.com/annotorious/annotorious
11 silly cache add parsed spec Result {
11 silly cache add   raw: 'https://github.com/annotorious/annotorious',
11 silly cache add   scope: null,
11 silly cache add   name: null,
11 silly cache add   rawSpec: 'https://github.com/annotorious/annotorious',
11 silly cache add   spec: 'git+https://github.com/annotorious/annotorious.git',
11 silly cache add   type: 'hosted',
11 silly cache add   hosted:
11 silly cache add    { type: 'github',
11 silly cache add      ssh: 'git@github.com:annotorious/annotorious.git',
11 silly cache add      sshUrl: 'git+ssh://git@github.com/annotorious/annotorious.git',
11 silly cache add      httpsUrl: 'git+https://github.com/annotorious/annotorious.git',
11 silly cache add      gitUrl: 'git://github.com/annotorious/annotorious.git',
11 silly cache add      shortcut: 'github:annotorious/annotorious',
11 silly cache add      directUrl: 'https://raw.githubusercontent.com/annotorious/annotorious/master/package.json' } }
12 verbose addRemoteGit caching https://github.com/annotorious/annotorious
13 verbose addRemoteGit git+https://github.com/annotorious/annotorious.git is a repository hosted by github
14 silly tryClone cloning git+https://github.com/annotorious/annotorious.git via git+https://github.com/annotorious/annotorious.git
15 verbose tryClone git-https-github-com-annotorious-annotorious-git-62f38f7b not in flight; caching
16 info git [ 'clone',
16 info git   '--template=/root/.npm/_git-remotes/_templates',
16 info git   '--mirror',
16 info git   'https://github.com/annotorious/annotorious.git',
16 info git   '/root/.npm/_git-remotes/git-https-github-com-annotorious-annotorious-git-62f38f7b' ]
17 verbose mirrorRemote git+https://github.com/annotorious/annotorious.git git clone https://github.com/annotorious/annotorious.git
18 verbose setPermissions git+https://github.com/annotorious/annotorious.git set permissions on /root/.npm/_git-remotes/git-https-github-com-annotorious-annotorious-git-62f38f7b
19 verbose resolveHead git+https://github.com/annotorious/annotorious.git original treeish: master
20 info git [ 'rev-list', '-n1', 'master' ]
21 silly resolveHead git+https://github.com/annotorious/annotorious.git resolved treeish: 3777aab710a62913981d9384f9711c1ed435f367
22 verbose resolveHead git+https://github.com/annotorious/annotorious.git resolved Git URL: git+https://github.com/annotorious/annotorious.git#3777aab710a62913981d9384f9711c1ed435f367
23 silly resolveHead Git working directory: /tmp/npm-9226-35c1c573/git-cache-8dcb6029/3777aab710a62913981d9384f9711c1ed435f367
24 info git [ 'clone',
24 info git   '/root/.npm/_git-remotes/git-https-github-com-annotorious-annotorious-git-62f38f7b',
24 info git   '/tmp/npm-9226-35c1c573/git-cache-8dcb6029/3777aab710a62913981d9384f9711c1ed435f367' ]
25 verbose cloneResolved git+https://github.com/annotorious/annotorious.git clone Cloning into '/tmp/npm-9226-35c1c573/git-cache-8dcb6029/3777aab710a62913981d9384f9711c1ed435f367'...
25 verbose cloneResolved done.
26 info git [ 'checkout', '3777aab710a62913981d9384f9711c1ed435f367' ]
27 verbose checkoutTreeish git+https://github.com/annotorious/annotorious.git checkout Note: checking out '3777aab710a62913981d9384f9711c1ed435f367'.
27 verbose checkoutTreeish
27 verbose checkoutTreeish You are in 'detached HEAD' state. You can look around, make experimental
27 verbose checkoutTreeish changes and commit them, and you can discard any commits you make in this
27 verbose checkoutTreeish state without impacting any branches by performing another checkout.
27 verbose checkoutTreeish
27 verbose checkoutTreeish If you want to create a new branch to retain commits you create, you may
27 verbose checkoutTreeish do so (now or later) by using -b with the checkout command again. Example:
27 verbose checkoutTreeish
27 verbose checkoutTreeish   git checkout -b <new-branch-name>
27 verbose checkoutTreeish
27 verbose checkoutTreeish HEAD is now at 3777aab... Merge pull request #199 from matthiase/master
28 error addLocal Could not install /tmp/npm-9226-35c1c573/git-cache-8dcb6029/3777aab710a62913981d9384f9711c1ed435f367
29 silly fetchPackageMetaData Error: EISDIR: illegal operation on a directory, read
29 silly fetchPackageMetaData     at Error (native)
29 silly fetchPackageMetaData  error for https://github.com/annotorious/annotorious { [Error: EISDIR: illegal operation on a directory, read] errno: -21, code: 'EISDIR', syscall: 'read' }
30 silly rollbackFailedOptional Starting
31 silly rollbackFailedOptional Finishing
32 silly runTopLevelLifecycles Starting
33 silly runTopLevelLifecycles Finishing
34 silly install printInstalled
35 verbose stack Error: EISDIR: illegal operation on a directory, read
35 verbose stack     at Error (native)
36 verbose cwd /root/litterbugmanager
37 error Linux 4.4.0-112-generic
38 error argv "/usr/bin/nodejs" "/usr/bin/npm" "install" "https://github.com/annotorious/annotorious"
39 error node v4.2.6
40 error npm  v3.5.2
41 error code EISDIR
42 error errno -21
43 error syscall read
44 error eisdir EISDIR: illegal operation on a directory, read
45 error eisdir This is most likely not a problem with npm itself
45 error eisdir and is related to npm not being able to find a package.json in
45 error eisdir a package you are trying to install.
46 verbose exit [ -21, true ]
